<?xml version="1.0" encoding="UTF-8"?>
<testng-results ignored="0" total="1" passed="1" failed="0" skipped="0">
  <reporter-output>
  </reporter-output>
  <suite started-at="2023-12-31T22:46:17 EST" name="Default suite" finished-at="2023-12-31T22:46:43 EST" duration-ms="25643">
    <groups>
      <group name="cucumber">
        <method signature="AbstractTestNGCucumberTests.feature(cucumber.api.testng.CucumberFeatureWrapper)[pri:0, instance:TestRunnerClass.TestRunner@4b0d79fc]" name="feature" class="cucumber.api.testng.AbstractTestNGCucumberTests"/>
      </group> <!-- cucumber -->
    </groups>
    <test started-at="2023-12-31T22:46:17 EST" name="Default test" finished-at="2023-12-31T22:46:43 EST" duration-ms="25643">
      <class name="TestRunnerClass.TestRunner">
        <test-method is-config="true" signature="setUpClass()[pri:0, instance:TestRunnerClass.TestRunner@4b0d79fc]" started-at="2023-12-31T22:46:17 EST" name="setUpClass" finished-at="2023-12-31T22:46:18 EST" duration-ms="220" status="PASS">
          <reporter-output>
          </reporter-output>
        </test-method> <!-- setUpClass -->
        <test-method signature="feature(cucumber.api.testng.CucumberFeatureWrapper)[pri:0, instance:TestRunnerClass.TestRunner@4b0d79fc]" started-at="2023-12-31T22:46:18 EST" name="feature" description="Runs Cucumber Feature" data-provider="features" finished-at="2023-12-31T22:46:43 EST" duration-ms="25260" status="PASS">
          <params>
            <param index="0">
              <value>
                <![CDATA[Validate Nop Commerce Login]]>
              </value>
            </param>
          </params>
          <reporter-output>
          </reporter-output>
        </test-method> <!-- feature -->
        <test-method is-config="true" signature="tearDownClass()[pri:0, instance:TestRunnerClass.TestRunner@4b0d79fc]" started-at="2023-12-31T22:46:43 EST" name="tearDownClass" finished-at="2023-12-31T22:46:43 EST" duration-ms="34" status="PASS">
          <reporter-output>
          </reporter-output>
        </test-method> <!-- tearDownClass -->
      </class> <!-- TestRunnerClass.TestRunner -->
    </test> <!-- Default test -->
  </suite> <!-- Default suite -->
</testng-results>
